#
# A fatal error has been detected by the Java Runtime Environment:
#
#  EXCEPTION_ACCESS_VIOLATION (0xc0000005) at pc=0x5debae7d, pid=7028, tid=4412
#
# JRE version: Java(TM) SE Runtime Environment (8.0_91-b15) (build 1.8.0_91-b15)
# Java VM: Java HotSpot(TM) Client VM (25.91-b15 mixed mode windows-x86 )
# Problematic frame:
# V  [jvm.dll+0xcae7d]
#
# Failed to write core dump. Minidumps are not enabled by default on client versions of Windows
#
# If you would like to submit a bug report, please visit:
#   http://bugreport.java.com/bugreport/crash.jsp
#

---------------  T H R E A D  ---------------

Current thread (0x13ea8000):  JavaThread "JDWP Transport Listener: dt_socket" daemon [_thread_in_vm, id=4412, stack(0x13cc0000,0x13d10000)]

siginfo: ExceptionCode=0xc0000005, reading address 0x003b7900

Registers:
EAX=0x003b7900, EBX=0x00000000, ECX=0x003b7900, EDX=0x00000000
ESP=0x13d0f818, EBP=0x13d0f81c, ESI=0x13ea8000, EDI=0x016d7338
EIP=0x5debae7d, EFLAGS=0x00010206

Top of Stack: (sp=0x13d0f818)
0x13d0f818:   13ea8000 13d0f844 5e018814 003b7900
0x13d0f828:   13d0f8fc 13d0f87f 13ea8000 00000000
0x13d0f838:   00000000 00000000 13ea8000 13d0f880
0x13d0f848:   749b9f80 016d7338 003b7900 13d0f87f
0x13d0f858:   003b7900 749a436d 003b7900 13d0f87f
0x13d0f868:   0000000d 00000000 00000000 00000002
0x13d0f878:   00000000 00eb1100 13d0f8a0 749a44e0
0x13d0f888:   00000001 13d0f8bc 13d0f8f8 165abde0 

Instructions: (pc=0x5debae7d)
0x5debae5d:   5d c3 52 e8 5b f9 ff ff 5d c3 cc cc cc cc cc cc
0x5debae6d:   cc cc cc 55 8b ec 8b 45 08 85 c0 75 02 5d c3 56
0x5debae7d:   8b 30 85 f6 74 17 83 fe 37 74 12 8b 06 8b 50 08
0x5debae8d:   8b ce ff d2 84 c0 74 05 8b c6 5e 5d c3 33 c0 5e 


Register to memory mapping:

EAX=0x003b7900 is an unknown value
EBX=0x00000000 is an unknown value
ECX=0x003b7900 is an unknown value
EDX=0x00000000 is an unknown value
ESP=0x13d0f818 is pointing into the stack for thread: 0x13ea8000
EBP=0x13d0f81c is pointing into the stack for thread: 0x13ea8000
ESI=0x13ea8000 is a thread
EDI=0x016d7338 is an unknown value


Stack: [0x13cc0000,0x13d10000],  sp=0x13d0f818,  free space=318k
Native frames: (J=compiled Java code, j=interpreted, Vv=VM code, C=native code)
V  [jvm.dll+0xcae7d]
V  [jvm.dll+0x228814]
C  [jdwp.dll+0x19f80]
C  [jdwp.dll+0x44e0]
C  [jdwp.dll+0x451e]
C  0x16080000


---------------  P R O C E S S  ---------------

Java Threads: ( => current thread )
  0x16293c00 JavaThread "Java2D Disposer" daemon [_thread_blocked, id=4676, stack(0x191f0000,0x19240000)]
  0x16293800 JavaThread "DefaultQuartzScheduler_QuartzSchedulerThread" [_thread_blocked, id=7344, stack(0x18ad0000,0x18b20000)]
  0x16293000 JavaThread "DefaultQuartzScheduler_Worker-10" [_thread_blocked, id=7880, stack(0x18c10000,0x18c60000)]
  0x16292800 JavaThread "DefaultQuartzScheduler_Worker-9" [_thread_blocked, id=2056, stack(0x18b80000,0x18bd0000)]
  0x16292400 JavaThread "DefaultQuartzScheduler_Worker-8" [_thread_blocked, id=2532, stack(0x18b30000,0x18b80000)]
  0x16291c00 JavaThread "DefaultQuartzScheduler_Worker-7" [_thread_blocked, id=7476, stack(0x14410000,0x14460000)]
  0x16291800 JavaThread "DefaultQuartzScheduler_Worker-6" [_thread_blocked, id=4876, stack(0x14480000,0x144d0000)]
  0x16291000 JavaThread "DefaultQuartzScheduler_Worker-5" [_thread_blocked, id=1296, stack(0x18a10000,0x18a60000)]
  0x168be800 JavaThread "DefaultQuartzScheduler_Worker-4" [_thread_blocked, id=7160, stack(0x18780000,0x187d0000)]
  0x168be000 JavaThread "DefaultQuartzScheduler_Worker-3" [_thread_blocked, id=5516, stack(0x18a60000,0x18ab0000)]
  0x168bdc00 JavaThread "DefaultQuartzScheduler_Worker-2" [_thread_blocked, id=1292, stack(0x18650000,0x186a0000)]
  0x168bd400 JavaThread "DefaultQuartzScheduler_Worker-1" [_thread_blocked, id=6908, stack(0x17770000,0x177c0000)]
  0x168bd000 JavaThread "Console scanner" daemon [_thread_blocked, id=4480, stack(0x187f0000,0x18840000)]
  0x168bc800 JavaThread "qtp19054917-27" [_thread_blocked, id=8152, stack(0x186d0000,0x18720000)]
  0x168bc400 JavaThread "qtp19054917-26" [_thread_blocked, id=5580, stack(0x18600000,0x18650000)]
  0x168bbc00 JavaThread "qtp19054917-25" [_thread_blocked, id=7492, stack(0x184a0000,0x184f0000)]
  0x168bb400 JavaThread "qtp19054917-24" [_thread_blocked, id=6136, stack(0x18340000,0x18390000)]
  0x168bb000 JavaThread "qtp19054917-23" [_thread_blocked, id=5036, stack(0x18270000,0x182c0000)]
  0x162f7c00 JavaThread "qtp19054917-22 Selector0" [_thread_in_native, id=5236, stack(0x181d0000,0x18220000)]
  0x16756800 JavaThread "qtp19054917-21 Acceptor0 SelectChannelConnector@0.0.0.0:8083" [_thread_in_native, id=3260, stack(0x145b0000,0x14600000)]
  0x16779800 JavaThread "qtp19054917-20" [_thread_blocked, id=1432, stack(0x18130000,0x18180000)]
  0x16553000 JavaThread "es" daemon [_thread_blocked, id=4588, stack(0x140f0000,0x14140000)]
  0x15eb1c00 JavaThread "Druid-ConnectionPool-Destroy-29048189" daemon [_thread_blocked, id=6628, stack(0x17720000,0x17770000)]
  0x15eb1800 JavaThread "Druid-ConnectionPool-Create-29048189" daemon [_thread_blocked, id=7468, stack(0x177d0000,0x17820000)]
  0x16040000 JavaThread "Abandoned connection cleanup thread" daemon [_thread_blocked, id=5504, stack(0x174b0000,0x17500000)]
  0x15f38800 JavaThread "HashSessionScavenger-0" daemon [_thread_blocked, id=5204, stack(0x146c0000,0x14710000)]
  0x13ece400 JavaThread "Service Thread" daemon [_thread_blocked, id=5564, stack(0x14770000,0x147c0000)]
  0x13eb3000 JavaThread "C1 CompilerThread0" daemon [_thread_blocked, id=6688, stack(0x144e0000,0x14530000)]
  0x13eab000 JavaThread "JDWP Command Reader" daemon [_thread_in_native, id=6468, stack(0x13dc0000,0x13e10000)]
  0x13ea9800 JavaThread "JDWP Event Helper Thread" daemon [_thread_blocked, id=7624, stack(0x13c70000,0x13cc0000)]
=>0x13ea8000 JavaThread "JDWP Transport Listener: dt_socket" daemon [_thread_in_vm, id=4412, stack(0x13cc0000,0x13d10000)]
  0x13e9a800 JavaThread "Attach Listener" daemon [_thread_blocked, id=7924, stack(0x14190000,0x141e0000)]
  0x13e8ac00 JavaThread "Signal Dispatcher" daemon [_thread_blocked, id=4344, stack(0x016e0000,0x01730000)]
  0x13e77400 JavaThread "Finalizer" daemon [_thread_blocked, id=4808, stack(0x14140000,0x14190000)]
  0x13e50c00 JavaThread "Reference Handler" daemon [_thread_blocked, id=3568, stack(0x14080000,0x140d0000)]
  0x016dd000 JavaThread "main" [_thread_blocked, id=5724, stack(0x01760000,0x017b0000)]

Other Threads:
  0x13e4bc00 VMThread [stack: 0x13d50000,0x13da0000] [id=6876]
  0x13f40c00 WatcherThread [stack: 0x14710000,0x14760000] [id=6544]

VM state:not at safepoint (normal execution)

VM Mutex/Monitor currently owned by a thread: None

Heap:
 def new generation   total 31744K, used 24399K [0x03800000, 0x05a70000, 0x08d50000)
  eden space 28224K,  74% used [0x03800000, 0x04c985b0, 0x05390000)
  from space 3520K,  94% used [0x05390000, 0x056cb9e0, 0x05700000)
  to   space 3520K,   0% used [0x05700000, 0x05700000, 0x05a70000)
 tenured generation   total 70364K, used 66548K [0x08d50000, 0x0d207000, 0x13800000)
   the space 70364K,  94% used [0x08d50000, 0x0ce4d348, 0x0ce4d400, 0x0d207000)
 Metaspace       used 40608K, capacity 42514K, committed 42624K, reserved 43392K

Card table byte_map: [0x015e0000,0x01670000] byte_map_base: 0x015c4000

Polling page: 0x00160000

CodeCache: size=32768Kb used=5268Kb max_used=7181Kb free=27499Kb
 bounds [0x017b0000, 0x01ec0000, 0x037b0000]
 total_blobs=2725 nmethods=2449 adapters=213
 compilation: enabled

Compilation events (10 events):
Event: 3095.200 Thread 0x13eb3000 11927             org.eclipse.jetty.io.nio.SelectorManager$SelectSet$1::run (49 bytes)
Event: 3095.200 Thread 0x13eb3000 nmethod 11927 0x018c3548 code [0x018c3690, 0x018c37fc]
Event: 3173.617 Thread 0x13eb3000 11928             java.nio.channels.spi.AbstractInterruptibleChannel::blockedOn (13 bytes)
Event: 3173.617 Thread 0x13eb3000 nmethod 11928 0x018fde88 code [0x018fdf90, 0x018fe1d0]
Event: 3187.043 Thread 0x13eb3000 11929             java.nio.channels.spi.AbstractSelector::begin (48 bytes)
Event: 3187.044 Thread 0x13eb3000 nmethod 11929 0x01ce66c8 code [0x01ce67f0, 0x01ce6b38]
Event: 3236.554 Thread 0x13eb3000 11930             java.lang.ref.ReferenceQueue::reallyPoll (66 bytes)
Event: 3236.555 Thread 0x13eb3000 nmethod 11930 0x018c3248 code [0x018c3350, 0x018c34b0]
Event: 3288.677 Thread 0x13eb3000 11931             sun.nio.ch.WindowsSelectorImpl::adjustThreadsCount (133 bytes)
Event: 3288.677 Thread 0x13eb3000 nmethod 11931 0x018ef708 code [0x018ef8a0, 0x018efb68]

GC Heap History (10 events):
Event: 2804.617 GC heap before
{Heap before GC invocations=168 (full 7):
 def new generation   total 31744K, used 30986K [0x03800000, 0x05a70000, 0x08d50000)
  eden space 28224K, 100% used [0x03800000, 0x05390000, 0x05390000)
  from space 3520K,  78% used [0x05700000, 0x059b28d8, 0x05a70000)
  to   space 3520K,   0% used [0x05390000, 0x05390000, 0x05700000)
 tenured generation   total 70364K, used 64677K [0x08d50000, 0x0d207000, 0x13800000)
   the space 70364K,  91% used [0x08d50000, 0x0cc794b8, 0x0cc79600, 0x0d207000)
 Metaspace       used 40549K, capacity 42339K, committed 42368K, reserved 42368K
Event: 2804.629 GC heap after
Heap after GC invocations=169 (full 7):
 def new generation   total 31744K, used 2704K [0x03800000, 0x05a70000, 0x08d50000)
  eden space 28224K,   0% used [0x03800000, 0x03800000, 0x05390000)
  from space 3520K,  76% used [0x05390000, 0x05634330, 0x05700000)
  to   space 3520K,   0% used [0x05700000, 0x05700000, 0x05a70000)
 tenured generation   total 70364K, used 65065K [0x08d50000, 0x0d207000, 0x13800000)
   the space 70364K,  92% used [0x08d50000, 0x0ccda6a8, 0x0ccda800, 0x0d207000)
 Metaspace       used 40549K, capacity 42339K, committed 42368K, reserved 42368K
}
Event: 2828.988 GC heap before
{Heap before GC invocations=169 (full 7):
 def new generation   total 31744K, used 30928K [0x03800000, 0x05a70000, 0x08d50000)
  eden space 28224K, 100% used [0x03800000, 0x05390000, 0x05390000)
  from space 3520K,  76% used [0x05390000, 0x05634330, 0x05700000)
  to   space 3520K,   0% used [0x05700000, 0x05700000, 0x05a70000)
 tenured generation   total 70364K, used 65065K [0x08d50000, 0x0d207000, 0x13800000)
   the space 70364K,  92% used [0x08d50000, 0x0ccda6a8, 0x0ccda800, 0x0d207000)
 Metaspace       used 40558K, capacity 42373K, committed 42496K, reserved 43392K
Event: 2829.004 GC heap after
Heap after GC invocations=170 (full 7):
 def new generation   total 31744K, used 2668K [0x03800000, 0x05a70000, 0x08d50000)
  eden space 28224K,   0% used [0x03800000, 0x03800000, 0x05390000)
  from space 3520K,  75% used [0x05700000, 0x0599b080, 0x05a70000)
  to   space 3520K,   0% used [0x05390000, 0x05390000, 0x05700000)
 tenured generation   total 70364K, used 65414K [0x08d50000, 0x0d207000, 0x13800000)
   the space 70364K,  92% used [0x08d50000, 0x0cd31b68, 0x0cd31c00, 0x0d207000)
 Metaspace       used 40558K, capacity 42373K, committed 42496K, reserved 43392K
}
Event: 2842.512 GC heap before
{Heap before GC invocations=170 (full 7):
 def new generation   total 31744K, used 30892K [0x03800000, 0x05a70000, 0x08d50000)
  eden space 28224K, 100% used [0x03800000, 0x05390000, 0x05390000)
  from space 3520K,  75% used [0x05700000, 0x0599b080, 0x05a70000)
  to   space 3520K,   0% used [0x05390000, 0x05390000, 0x05700000)
 tenured generation   total 70364K, used 65414K [0x08d50000, 0x0d207000, 0x13800000)
   the space 70364K,  92% used [0x08d50000, 0x0cd31b68, 0x0cd31c00, 0x0d207000)
 Metaspace       used 40570K, capacity 42412K, committed 42496K, reserved 43392K
Event: 2842.528 GC heap after
Heap after GC invocations=171 (full 7):
 def new generation   total 31744K, used 2673K [0x03800000, 0x05a70000, 0x08d50000)
  eden space 28224K,   0% used [0x03800000, 0x03800000, 0x05390000)
  from space 3520K,  75% used [0x05390000, 0x0562c498, 0x05700000)
  to   space 3520K,   0% used [0x05700000, 0x05700000, 0x05a70000)
 tenured generation   total 70364K, used 65792K [0x08d50000, 0x0d207000, 0x13800000)
   the space 70364K,  93% used [0x08d50000, 0x0cd901f8, 0x0cd90200, 0x0d207000)
 Metaspace       used 40570K, capacity 42412K, committed 42496K, reserved 43392K
}
Event: 2850.454 GC heap before
{Heap before GC invocations=171 (full 7):
 def new generation   total 31744K, used 30897K [0x03800000, 0x05a70000, 0x08d50000)
  eden space 28224K, 100% used [0x03800000, 0x05390000, 0x05390000)
  from space 3520K,  75% used [0x05390000, 0x0562c498, 0x05700000)
  to   space 3520K,   0% used [0x05700000, 0x05700000, 0x05a70000)
 tenured generation   total 70364K, used 65792K [0x08d50000, 0x0d207000, 0x13800000)
   the space 70364K,  93% used [0x08d50000, 0x0cd901f8, 0x0cd90200, 0x0d207000)
 Metaspace       used 40579K, capacity 42446K, committed 42496K, reserved 43392K
Event: 2850.469 GC heap after
Heap after GC invocations=172 (full 7):
 def new generation   total 31744K, used 2707K [0x03800000, 0x05a70000, 0x08d50000)
  eden space 28224K,   0% used [0x03800000, 0x03800000, 0x05390000)
  from space 3520K,  76% used [0x05700000, 0x059a4d58, 0x05a70000)
  to   space 3520K,   0% used [0x05390000, 0x05390000, 0x05700000)
 tenured generation   total 70364K, used 66136K [0x08d50000, 0x0d207000, 0x13800000)
   the space 70364K,  93% used [0x08d50000, 0x0cde62e0, 0x0cde6400, 0x0d207000)
 Metaspace       used 40579K, capacity 42446K, committed 42496K, reserved 43392K
}
Event: 2872.987 GC heap before
{Heap before GC invocations=172 (full 7):
 def new generation   total 31744K, used 30931K [0x03800000, 0x05a70000, 0x08d50000)
  eden space 28224K, 100% used [0x03800000, 0x05390000, 0x05390000)
  from space 3520K,  76% used [0x05700000, 0x059a4d58, 0x05a70000)
  to   space 3520K,   0% used [0x05390000, 0x05390000, 0x05700000)
 tenured generation   total 70364K, used 66136K [0x08d50000, 0x0d207000, 0x13800000)
   the space 70364K,  93% used [0x08d50000, 0x0cde62e0, 0x0cde6400, 0x0d207000)
 Metaspace       used 40589K, capacity 42480K, committed 42496K, reserved 43392K
Event: 2873.000 GC heap after
Heap after GC invocations=173 (full 7):
 def new generation   total 31744K, used 3310K [0x03800000, 0x05a70000, 0x08d50000)
  eden space 28224K,   0% used [0x03800000, 0x03800000, 0x05390000)
  from space 3520K,  94% used [0x05390000, 0x056cb9e0, 0x05700000)
  to   space 3520K,   0% used [0x05700000, 0x05700000, 0x05a70000)
 tenured generation   total 70364K, used 66548K [0x08d50000, 0x0d207000, 0x13800000)
   the space 70364K,  94% used [0x08d50000, 0x0ce4d348, 0x0ce4d400, 0x0d207000)
 Metaspace       used 40589K, capacity 42480K, committed 42496K, reserved 43392K
}

Deoptimization events (0 events):
No events

Internal exceptions (10 events):
Event: 2831.054 Thread 0x16779800 Exception <a 'java/io/FileNotFoundException'> (0x0479cd48) thrown at [C:\re\workspace\8-2-build-windows-i586-cygwin\jdk8u91\7017\hotspot\src\share\vm\prims\jni.cpp, line 709]
Event: 2842.616 Thread 0x168bc400 Exception <a 'java/io/IOException'> (0x038c3f28) thrown at [C:\re\workspace\8-2-build-windows-i586-cygwin\jdk8u91\7017\hotspot\src\share\vm\prims\jni.cpp, line 709]
Event: 2846.088 Thread 0x168bc400 Exception <a 'java/io/FileNotFoundException'> (0x0484f8b8) thrown at [C:\re\workspace\8-2-build-windows-i586-cygwin\jdk8u91\7017\hotspot\src\share\vm\prims\jni.cpp, line 709]
Event: 2846.088 Thread 0x168bc400 Exception <a 'java/io/FileNotFoundException'> (0x04851028) thrown at [C:\re\workspace\8-2-build-windows-i586-cygwin\jdk8u91\7017\hotspot\src\share\vm\prims\jni.cpp, line 709]
Event: 2846.102 Thread 0x168bc400 Exception <a 'java/io/FileNotFoundException'> (0x0487d538) thrown at [C:\re\workspace\8-2-build-windows-i586-cygwin\jdk8u91\7017\hotspot\src\share\vm\prims\jni.cpp, line 709]
Event: 2846.103 Thread 0x168bc400 Exception <a 'java/io/FileNotFoundException'> (0x0487e588) thrown at [C:\re\workspace\8-2-build-windows-i586-cygwin\jdk8u91\7017\hotspot\src\share\vm\prims\jni.cpp, line 709]
Event: 2872.947 Thread 0x168bb000 Exception <a 'java/io/FileNotFoundException'> (0x051ce278) thrown at [C:\re\workspace\8-2-build-windows-i586-cygwin\jdk8u91\7017\hotspot\src\share\vm\prims\jni.cpp, line 709]
Event: 2872.948 Thread 0x168bb000 Exception <a 'java/io/FileNotFoundException'> (0x051cf9e8) thrown at [C:\re\workspace\8-2-build-windows-i586-cygwin\jdk8u91\7017\hotspot\src\share\vm\prims\jni.cpp, line 709]
Event: 2872.961 Thread 0x168bb000 Exception <a 'java/io/FileNotFoundException'> (0x051fbe48) thrown at [C:\re\workspace\8-2-build-windows-i586-cygwin\jdk8u91\7017\hotspot\src\share\vm\prims\jni.cpp, line 709]
Event: 2872.962 Thread 0x168bb000 Exception <a 'java/io/FileNotFoundException'> (0x051fce98) thrown at [C:\re\workspace\8-2-build-windows-i586-cygwin\jdk8u91\7017\hotspot\src\share\vm\prims\jni.cpp, line 709]

Events (10 events):
Event: 3173.618 Thread 0x13eb3000 flushing nmethod 0x018d5748
Event: 3173.618 Thread 0x13eb3000 flushing nmethod 0x01936308
Event: 3173.618 Thread 0x13eb3000 flushing nmethod 0x01956808
Event: 3181.841 Thread 0x168bb400 DEOPT PACKING pc=0x01d5fb38 sp=0x1838e780
Event: 3181.841 Thread 0x168bb400 DEOPT UNPACKING pc=0x017ec5db sp=0x1838e660 mode 1
Event: 3181.842 Thread 0x168bb400 DEOPT PACKING pc=0x01d5fb38 sp=0x1838e620
Event: 3181.842 Thread 0x168bb400 DEOPT UNPACKING pc=0x017ec5db sp=0x1838e500 mode 1
Event: 3187.044 Thread 0x13eb3000 flushing nmethod 0x01a9b5c8
Event: 3304.292 Executing VM operation: RedefineClasses
Event: 3304.314 Executing VM operation: RedefineClasses done


Dynamic libraries:
0x00210000 - 0x00243000 	D:\application\jdk1.8\bin\javaw.exe
0x77900000 - 0x77a42000 	C:\windows\SYSTEM32\ntdll.dll
0x77290000 - 0x77365000 	C:\windows\system32\kernel32.dll
0x75c40000 - 0x75c8b000 	C:\windows\system32\KERNELBASE.dll
0x76fc0000 - 0x77061000 	C:\windows\system32\ADVAPI32.dll
0x77850000 - 0x778fc000 	C:\windows\system32\msvcrt.dll
0x76fa0000 - 0x76fb9000 	C:\windows\SYSTEM32\sechost.dll
0x777a0000 - 0x77842000 	C:\windows\system32\RPCRT4.dll
0x76ed0000 - 0x76f99000 	C:\windows\system32\USER32.dll
0x77a70000 - 0x77abe000 	C:\windows\system32\GDI32.dll
0x77ac0000 - 0x77aca000 	C:\windows\system32\LPK.dll
0x75e50000 - 0x75eed000 	C:\windows\system32\USP10.dll
0x746d0000 - 0x7486e000 	C:\windows\WinSxS\x86_microsoft.windows.common-controls_6595b64144ccf1df_6.0.7601.18837_none_41e855142bd5705d\COMCTL32.dll
0x76e10000 - 0x76e67000 	C:\windows\system32\SHLWAPI.dll
0x77230000 - 0x7724f000 	C:\windows\system32\IMM32.DLL
0x77110000 - 0x771dd000 	C:\windows\system32\MSCTF.dll
0x66220000 - 0x662dd000 	D:\application\jdk1.8\jre\bin\msvcr100.dll
0x5ddf0000 - 0x5e1ba000 	D:\application\jdk1.8\jre\bin\client\jvm.dll
0x6e460000 - 0x6e467000 	C:\windows\system32\WSOCK32.dll
0x77250000 - 0x77285000 	C:\windows\system32\WS2_32.dll
0x76180000 - 0x76186000 	C:\windows\system32\NSI.dll
0x738f0000 - 0x73922000 	C:\windows\system32\WINMM.dll
0x755a0000 - 0x755a9000 	C:\windows\system32\VERSION.dll
0x77a50000 - 0x77a55000 	C:\windows\system32\PSAPI.DLL
0x74ac0000 - 0x74acc000 	D:\application\jdk1.8\jre\bin\verify.dll
0x74910000 - 0x74931000 	D:\application\jdk1.8\jre\bin\java.dll
0x749a0000 - 0x749c9000 	D:\application\jdk1.8\jre\bin\jdwp.dll
0x74ad0000 - 0x74ad7000 	D:\application\jdk1.8\jre\bin\npt.dll
0x71cf0000 - 0x71d03000 	D:\application\jdk1.8\jre\bin\zip.dll
0x761c0000 - 0x76e0c000 	C:\windows\system32\SHELL32.dll
0x77370000 - 0x774cd000 	C:\windows\system32\ole32.dll
0x75960000 - 0x7596b000 	C:\windows\system32\profapi.dll
0x74990000 - 0x74998000 	D:\application\jdk1.8\jre\bin\dt_socket.dll
0x738e0000 - 0x738f0000 	C:\windows\system32\NLAapi.dll
0x6df10000 - 0x6df20000 	C:\windows\system32\napinsp.dll
0x6def0000 - 0x6df02000 	C:\windows\system32\pnrpnsp.dll
0x6dec0000 - 0x6dee7000 	C:\Program Files\Common Files\Microsoft Shared\Windows Live\WLIDNSP.DLL
0x6de10000 - 0x6de1d000 	C:\windows\system32\wshbth.dll
0x750a0000 - 0x750dc000 	C:\windows\System32\mswsock.dll
0x74f60000 - 0x74fa4000 	C:\windows\system32\DNSAPI.dll
0x6fc80000 - 0x6fc88000 	C:\windows\System32\winrnr.dll
0x6f540000 - 0x6f561000 	C:\Program Files\Bonjour\mdnsNSP.dll
0x73630000 - 0x7364c000 	C:\windows\system32\Iphlpapi.DLL
0x73620000 - 0x73627000 	C:\windows\system32\WINNSI.DLL
0x73270000 - 0x732a8000 	C:\windows\System32\fwpuclnt.dll
0x6f520000 - 0x6f526000 	C:\windows\system32\rasadhlp.dll
0x75630000 - 0x75635000 	C:\windows\System32\wshtcpip.dll
0x749d0000 - 0x749e6000 	D:\application\jdk1.8\jre\bin\net.dll
0x75090000 - 0x75096000 	C:\windows\System32\wship6.dll
0x74980000 - 0x7498f000 	D:\application\jdk1.8\jre\bin\nio.dll
0x71ce0000 - 0x71cea000 	D:\application\jdk1.8\jre\bin\management.dll
0x750e0000 - 0x750f7000 	C:\windows\system32\CRYPTSP.dll
0x74e70000 - 0x74eab000 	C:\windows\system32\rsaenh.dll
0x75c20000 - 0x75c37000 	C:\windows\system32\USERENV.dll
0x75880000 - 0x7588c000 	C:\windows\system32\CRYPTBASE.dll
0x73040000 - 0x73052000 	C:\windows\system32\dhcpcsvc.DLL
0x72e00000 - 0x72e0d000 	C:\windows\system32\dhcpcsvc6.DLL
0x5cca0000 - 0x5cde5000 	D:\application\jdk1.8\jre\bin\awt.dll
0x77070000 - 0x77101000 	C:\windows\system32\OLEAUT32.dll
0x74260000 - 0x74273000 	C:\windows\system32\DWMAPI.DLL
0x6fce0000 - 0x6fd19000 	D:\application\jdk1.8\jre\bin\fontmanager.dll
0x6dc50000 - 0x6dc82000 	D:\application\jdk1.8\jre\bin\t2k.dll
0x6dc20000 - 0x6dc46000 	D:\application\jdk1.8\jre\bin\jpeg.dll
0x6e6e0000 - 0x6e7cb000 	C:\windows\system32\dbghelp.dll

VM Arguments:
jvm_args: -agentlib:jdwp=transport=dt_socket,suspend=y,address=localhost:50423 -Dmaven.home=EMBEDDED -Dclassworlds.conf=F:\zlrz_workspace\.metadata\.plugins\org.eclipse.m2e.launching\launches\m2conf393547459485842701.tmp -Dm2e.workspace.state=F:\zlrz_workspace\.metadata\.plugins\org.eclipse.m2e.core\workspacestate.properties -Dmaven.multiModuleProjectDirectory=D:\application\eclipse-web\${workspace_loc:\cqc-support} -Dfile.encoding=GBK 
java_command: org.codehaus.plexus.classworlds.launcher.Launcher -B -U -Dmaven.test.skip=true -DskipTests -s D:\application\apache-maven-3.2.3\conf\settings.xml jetty:run
java_class_path (initial): /D:/application/eclipse-web/plugins/org.eclipse.m2e.maven.runtime_1.6.2.20150902-0001/jars/plexus-classworlds-2.5.2.jar
Launcher Type: SUN_STANDARD

Environment Variables:
JAVA_HOME=D:\application\jdk1.8
CLASSPATH=.D:\application\jdk1.8\lib;D:\application\jdk1.8\lib\tools.jar
PATH=D:/application/jre1.8/bin/client;D:/application/jre1.8/bin;D:/application/jre1.8/lib/i386;C:\ProgramData\Oracle\Java\javapath;D:\application\OracleDatabase\product\11.2.0\dbhome_1\bin;C:\Windows\System32;D:\application\jdk1.8\bin;D:\application\jdk1.8\jre\bin;%M2%;D:\application\apache-maven-3.2.3\bin;.;D:\application\jdk1.8\lib\dt.jar;C:\windows;C:\windows\system32\wbem;C:\Program Files\Microsoft SQL Server\110\Tools\Binn\;.;%ANDROID_HOME%\platform-tools;%ANDROID_HOME%\tools;D:\°²×°³ÌÐò\skype\skype\Phone\;;D:\application\Git\cmd;D:\application\groovy-2.4.8\bin;D:\application\Git\cmd;D:\application\PostgreSQL\9.5\bin;C:\Program Files\nodejs\;C:\Users\samsung\AppData\Roaming\npm;D:\application\eclipse-web;
USERNAME=samsung
OS=Windows_NT
PROCESSOR_IDENTIFIER=x86 Family 6 Model 37 Stepping 5, GenuineIntel



---------------  S Y S T E M  ---------------

OS: Windows 7 Build 7601 (6.1.7601.23775)

CPU:total 4 (2 cores per cpu, 2 threads per core) family 6 model 37 stepping 5, cmov, cx8, fxsr, mmx, sse, sse2, sse3, ssse3, sse4.1, sse4.2, popcnt, ht, tsc, tscinvbit

Memory: 4k page, physical 3527224k(1207560k free), swap 7052732k(3588452k free)

vm_info: Java HotSpot(TM) Client VM (25.91-b15) for windows-x86 JRE (1.8.0_91-b15), built on May 20 2016 17:33:18 by "java_re" with MS VC++ 10.0 (VS2010)

time: Thu Sep 21 01:41:27 2017
elapsed time: 3304 seconds (0d 0h 55m 4s)

